Build started 17. 5. 2015 12:07:21.
     1>Project "D:\_Research\Projects\Statistical_testing\Batteries DIEHARD NIST TESTU01\NIST STS\NIST\NIST\NIST.vcxproj" on node 2 (Rebuild target(s)).
     1>ClCompile:
         C:\Program Files (x86)\Microsoft Visual Studio 12.0\VC\bin\x86_amd64\CL.exe /c /Zi /nologo /W3 /WX- /Od /D WIN32 /D _DEBUG /D _CONSOLE /D _UNICODE /D UNICODE /Gm /EHsc /RTC1 /MDd /GS /fp:precise /Zc:wchar_t /Zc:forScope /Fo"x64\Debug\\" /Fd"x64\Debug\vc120.pdb" /Gd /TC /errorReport:prompt approximateEntropy.c assess.c blockFrequency.c BM.c BMA.c cephes.c cusum.c dfft.c discreteFourierTransform.c erf.c frequency.c generators.c genutils.c linearComplexity.c longestRunOfOnes.c LUTs.c "main-correctness.c" matrix.c nonOverlappingTemplateMatchings.c overlappingTemplateMatchings.c randomExcursions.c randomExcursionsVariant.c rank.c runs.c serial.c tools.c universal.c utilities.c
         utilities.c
     1>utilities.c(27): warning C4996: 'scanf': This function or variable may be unsafe. Consider using scanf_s instead. To disable deprecation, use _CRT_SECURE_NO_WARNINGS. See online help for details.
                 C:\Program Files (x86)\Microsoft Visual Studio 12.0\VC\include\stdio.h(283) : see declaration of 'scanf'
     1>utilities.c(46): warning C4996: 'scanf': This function or variable may be unsafe. Consider using scanf_s instead. To disable deprecation, use _CRT_SECURE_NO_WARNINGS. See online help for details.
                 C:\Program Files (x86)\Microsoft Visual Studio 12.0\VC\include\stdio.h(283) : see declaration of 'scanf'
     1>utilities.c(49): warning C4996: 'sprintf': This function or variable may be unsafe. Consider using sprintf_s instead. To disable deprecation, use _CRT_SECURE_NO_WARNINGS. See online help for details.
                 C:\Program Files (x86)\Microsoft Visual Studio 12.0\VC\include\stdio.h(356) : see declaration of 'sprintf'
     1>utilities.c(51): warning C4996: 'fopen': This function or variable may be unsafe. Consider using fopen_s instead. To disable deprecation, use _CRT_SECURE_NO_WARNINGS. See online help for details.
                 C:\Program Files (x86)\Microsoft Visual Studio 12.0\VC\include\stdio.h(211) : see declaration of 'fopen'
     1>utilities.c(119): warning C4996: 'scanf': This function or variable may be unsafe. Consider using scanf_s instead. To disable deprecation, use _CRT_SECURE_NO_WARNINGS. See online help for details.
                 C:\Program Files (x86)\Microsoft Visual Studio 12.0\VC\include\stdio.h(283) : see declaration of 'scanf'
     1>utilities.c(132): warning C4996: 'scanf': This function or variable may be unsafe. Consider using scanf_s instead. To disable deprecation, use _CRT_SECURE_NO_WARNINGS. See online help for details.
                 C:\Program Files (x86)\Microsoft Visual Studio 12.0\VC\include\stdio.h(283) : see declaration of 'scanf'
     1>utilities.c(167): warning C4996: 'scanf': This function or variable may be unsafe. Consider using scanf_s instead. To disable deprecation, use _CRT_SECURE_NO_WARNINGS. See online help for details.
                 C:\Program Files (x86)\Microsoft Visual Studio 12.0\VC\include\stdio.h(283) : see declaration of 'scanf'
     1>utilities.c(175): warning C4996: 'scanf': This function or variable may be unsafe. Consider using scanf_s instead. To disable deprecation, use _CRT_SECURE_NO_WARNINGS. See online help for details.
                 C:\Program Files (x86)\Microsoft Visual Studio 12.0\VC\include\stdio.h(283) : see declaration of 'scanf'
     1>utilities.c(184): warning C4996: 'scanf': This function or variable may be unsafe. Consider using scanf_s instead. To disable deprecation, use _CRT_SECURE_NO_WARNINGS. See online help for details.
                 C:\Program Files (x86)\Microsoft Visual Studio 12.0\VC\include\stdio.h(283) : see declaration of 'scanf'
     1>utilities.c(193): warning C4996: 'scanf': This function or variable may be unsafe. Consider using scanf_s instead. To disable deprecation, use _CRT_SECURE_NO_WARNINGS. See online help for details.
                 C:\Program Files (x86)\Microsoft Visual Studio 12.0\VC\include\stdio.h(283) : see declaration of 'scanf'
     1>utilities.c(202): warning C4996: 'scanf': This function or variable may be unsafe. Consider using scanf_s instead. To disable deprecation, use _CRT_SECURE_NO_WARNINGS. See online help for details.
                 C:\Program Files (x86)\Microsoft Visual Studio 12.0\VC\include\stdio.h(283) : see declaration of 'scanf'
     1>utilities.c(211): warning C4996: 'scanf': This function or variable may be unsafe. Consider using scanf_s instead. To disable deprecation, use _CRT_SECURE_NO_WARNINGS. See online help for details.
                 C:\Program Files (x86)\Microsoft Visual Studio 12.0\VC\include\stdio.h(283) : see declaration of 'scanf'
     1>utilities.c(220): warning C4996: 'scanf': This function or variable may be unsafe. Consider using scanf_s instead. To disable deprecation, use _CRT_SECURE_NO_WARNINGS. See online help for details.
                 C:\Program Files (x86)\Microsoft Visual Studio 12.0\VC\include\stdio.h(283) : see declaration of 'scanf'
     1>utilities.c(239): warning C4996: 'scanf': This function or variable may be unsafe. Consider using scanf_s instead. To disable deprecation, use _CRT_SECURE_NO_WARNINGS. See online help for details.
                 C:\Program Files (x86)\Microsoft Visual Studio 12.0\VC\include\stdio.h(283) : see declaration of 'scanf'
     1>utilities.c(242): warning C4996: 'fopen': This function or variable may be unsafe. Consider using fopen_s instead. To disable deprecation, use _CRT_SECURE_NO_WARNINGS. See online help for details.
                 C:\Program Files (x86)\Microsoft Visual Studio 12.0\VC\include\stdio.h(211) : see declaration of 'fopen'
     1>utilities.c(250): warning C4996: 'fopen': This function or variable may be unsafe. Consider using fopen_s instead. To disable deprecation, use _CRT_SECURE_NO_WARNINGS. See online help for details.
                 C:\Program Files (x86)\Microsoft Visual Studio 12.0\VC\include\stdio.h(211) : see declaration of 'fopen'
     1>utilities.c(276): warning C4996: 'fscanf': This function or variable may be unsafe. Consider using fscanf_s instead. To disable deprecation, use _CRT_SECURE_NO_WARNINGS. See online help for details.
                 C:\Program Files (x86)\Microsoft Visual Studio 12.0\VC\include\stdio.h(230) : see declaration of 'fscanf'
     1>utilities.c(426): warning C4996: 'sprintf': This function or variable may be unsafe. Consider using sprintf_s instead. To disable deprecation, use _CRT_SECURE_NO_WARNINGS. See online help for details.
                 C:\Program Files (x86)\Microsoft Visual Studio 12.0\VC\include\stdio.h(356) : see declaration of 'sprintf'
     1>utilities.c(427): warning C4996: 'fopen': This function or variable may be unsafe. Consider using fopen_s instead. To disable deprecation, use _CRT_SECURE_NO_WARNINGS. See online help for details.
                 C:\Program Files (x86)\Microsoft Visual Studio 12.0\VC\include\stdio.h(211) : see declaration of 'fopen'
     1>utilities.c(431): warning C4996: 'sprintf': This function or variable may be unsafe. Consider using sprintf_s instead. To disable deprecation, use _CRT_SECURE_NO_WARNINGS. See online help for details.
                 C:\Program Files (x86)\Microsoft Visual Studio 12.0\VC\include\stdio.h(356) : see declaration of 'sprintf'
     1>utilities.c(432): warning C4996: 'fopen': This function or variable may be unsafe. Consider using fopen_s instead. To disable deprecation, use _CRT_SECURE_NO_WARNINGS. See online help for details.
                 C:\Program Files (x86)\Microsoft Visual Studio 12.0\VC\include\stdio.h(211) : see declaration of 'fopen'
     1>utilities.c(439): warning C4996: 'sprintf': This function or variable may be unsafe. Consider using sprintf_s instead. To disable deprecation, use _CRT_SECURE_NO_WARNINGS. See online help for details.
                 C:\Program Files (x86)\Microsoft Visual Studio 12.0\VC\include\stdio.h(356) : see declaration of 'sprintf'
     1>utilities.c(440): warning C4996: 'sprintf': This function or variable may be unsafe. Consider using sprintf_s instead. To disable deprecation, use _CRT_SECURE_NO_WARNINGS. See online help for details.
                 C:\Program Files (x86)\Microsoft Visual Studio 12.0\VC\include\stdio.h(356) : see declaration of 'sprintf'
     1>utilities.c(441): warning C4996: 'fopen': This function or variable may be unsafe. Consider using fopen_s instead. To disable deprecation, use _CRT_SECURE_NO_WARNINGS. See online help for details.
                 C:\Program Files (x86)\Microsoft Visual Studio 12.0\VC\include\stdio.h(211) : see declaration of 'fopen'
     1>utilities.c(449): warning C4996: 'fopen': This function or variable may be unsafe. Consider using fopen_s instead. To disable deprecation, use _CRT_SECURE_NO_WARNINGS. See online help for details.
                 C:\Program Files (x86)\Microsoft Visual Studio 12.0\VC\include\stdio.h(211) : see declaration of 'fopen'
     1>utilities.c(460): warning C4996: 'scanf': This function or variable may be unsafe. Consider using scanf_s instead. To disable deprecation, use _CRT_SECURE_NO_WARNINGS. See online help for details.
                 C:\Program Files (x86)\Microsoft Visual Studio 12.0\VC\include\stdio.h(283) : see declaration of 'scanf'
     1>utilities.c(552): warning C4013: 'ApproximateEntropy4' undefined; assuming extern returning int
         universal.c
     1>d:\_research\projects\statistical_testing\batteries diehard nist testu01\nist sts\nist\nist\../include/erf.h(12): warning C4273: 'erf' : inconsistent dll linkage
                 C:\Program Files (x86)\Microsoft Visual Studio 12.0\VC\include\math.h(486) : see previous definition of 'erf'
     1>d:\_research\projects\statistical_testing\batteries diehard nist testu01\nist sts\nist\nist\../include/erf.h(13): warning C4273: 'erfc' : inconsistent dll linkage
                 C:\Program Files (x86)\Microsoft Visual Studio 12.0\VC\include\math.h(487) : see previous definition of 'erfc'
         tools.c
     1>tools.c(166): warning C4101: 'val1' : unreferenced local variable
     1>tools.c(196): warning C4101: 'k' : unreferenced local variable
     1>tools.c(246): warning C4133: '=' : incompatible types - from 'unsigned char *' to 'unsigned int *'
     1>tools.c(247): warning C4133: '=' : incompatible types - from 'unsigned char *' to 'unsigned int *'
     1>tools.c(248): warning C4133: '=' : incompatible types - from 'unsigned char *' to 'unsigned int *'
     1>tools.c(249): warning C4133: '=' : incompatible types - from 'unsigned char *' to 'unsigned int *'
         serial.c
         runs.c
     1>d:\_research\projects\statistical_testing\batteries diehard nist testu01\nist sts\nist\nist\../include/erf.h(12): warning C4273: 'erf' : inconsistent dll linkage
                 C:\Program Files (x86)\Microsoft Visual Studio 12.0\VC\include\math.h(486) : see previous definition of 'erf'
     1>d:\_research\projects\statistical_testing\batteries diehard nist testu01\nist sts\nist\nist\../include/erf.h(13): warning C4273: 'erfc' : inconsistent dll linkage
                 C:\Program Files (x86)\Microsoft Visual Studio 12.0\VC\include\math.h(487) : see previous definition of 'erfc'
     1>runs.c(419): warning C4133: '=' : incompatible types - from 'unsigned char *' to 'unsigned __int64 *'
     1>runs.c(373): warning C4101: 'val2' : unreferenced local variable
     1>runs.c(359): warning C4101: 'k' : unreferenced local variable
     1>runs.c(373): warning C4101: 'val1' : unreferenced local variable
     1>runs.c(359): warning C4101: 'diff' : unreferenced local variable
         rank.c
         randomExcursionsVariant.c
     1>d:\_research\projects\statistical_testing\batteries diehard nist testu01\nist sts\nist\nist\../include/erf.h(12): warning C4273: 'erf' : inconsistent dll linkage
                 C:\Program Files (x86)\Microsoft Visual Studio 12.0\VC\include\math.h(486) : see previous definition of 'erf'
     1>d:\_research\projects\statistical_testing\batteries diehard nist testu01\nist sts\nist\nist\../include/erf.h(13): warning C4273: 'erfc' : inconsistent dll linkage
                 C:\Program Files (x86)\Microsoft Visual Studio 12.0\VC\include\math.h(487) : see previous definition of 'erfc'
         randomExcursions.c
         overlappingTemplateMatchings.c
     1>overlappingTemplateMatchings.c(350): warning C4101: 'bit_ind' : unreferenced local variable
         nonOverlappingTemplateMatchings.c
     1>nonOverlappingTemplateMatchings.c(46): warning C4996: 'sprintf': This function or variable may be unsafe. Consider using sprintf_s instead. To disable deprecation, use _CRT_SECURE_NO_WARNINGS. See online help for details.
                 C:\Program Files (x86)\Microsoft Visual Studio 12.0\VC\include\stdio.h(356) : see declaration of 'sprintf'
     1>nonOverlappingTemplateMatchings.c(50): warning C4996: 'fopen': This function or variable may be unsafe. Consider using fopen_s instead. To disable deprecation, use _CRT_SECURE_NO_WARNINGS. See online help for details.
                 C:\Program Files (x86)\Microsoft Visual Studio 12.0\VC\include\stdio.h(211) : see declaration of 'fopen'
     1>nonOverlappingTemplateMatchings.c(113): warning C4996: 'fscanf': This function or variable may be unsafe. Consider using fscanf_s instead. To disable deprecation, use _CRT_SECURE_NO_WARNINGS. See online help for details.
                 C:\Program Files (x86)\Microsoft Visual Studio 12.0\VC\include\stdio.h(230) : see declaration of 'fscanf'
     1>nonOverlappingTemplateMatchings.c(278): warning C4334: '<<' : result of 32-bit shift implicitly converted to 64 bits (was 64-bit shift intended?)
     1>nonOverlappingTemplateMatchings.c(303): warning C4996: 'sprintf': This function or variable may be unsafe. Consider using sprintf_s instead. To disable deprecation, use _CRT_SECURE_NO_WARNINGS. See online help for details.
                 C:\Program Files (x86)\Microsoft Visual Studio 12.0\VC\include\stdio.h(356) : see declaration of 'sprintf'
     1>nonOverlappingTemplateMatchings.c(304): warning C4996: 'fopen': This function or variable may be unsafe. Consider using fopen_s instead. To disable deprecation, use _CRT_SECURE_NO_WARNINGS. See online help for details.
                 C:\Program Files (x86)\Microsoft Visual Studio 12.0\VC\include\stdio.h(211) : see declaration of 'fopen'
     1>nonOverlappingTemplateMatchings.c(308): warning C4996: 'fopen': This function or variable may be unsafe. Consider using fopen_s instead. To disable deprecation, use _CRT_SECURE_NO_WARNINGS. See online help for details.
                 C:\Program Files (x86)\Microsoft Visual Studio 12.0\VC\include\stdio.h(211) : see declaration of 'fopen'
     1>nonOverlappingTemplateMatchings.c(368): warning C4996: 'fscanf': This function or variable may be unsafe. Consider using fscanf_s instead. To disable deprecation, use _CRT_SECURE_NO_WARNINGS. See online help for details.
                 C:\Program Files (x86)\Microsoft Visual Studio 12.0\VC\include\stdio.h(230) : see declaration of 'fscanf'
     1>nonOverlappingTemplateMatchings.c(403): warning C4996: 'fopen': This function or variable may be unsafe. Consider using fopen_s instead. To disable deprecation, use _CRT_SECURE_NO_WARNINGS. See online help for details.
                 C:\Program Files (x86)\Microsoft Visual Studio 12.0\VC\include\stdio.h(211) : see declaration of 'fopen'
     1>nonOverlappingTemplateMatchings.c(411): warning C4996: 'fscanf': This function or variable may be unsafe. Consider using fscanf_s instead. To disable deprecation, use _CRT_SECURE_NO_WARNINGS. See online help for details.
                 C:\Program Files (x86)\Microsoft Visual Studio 12.0\VC\include\stdio.h(230) : see declaration of 'fscanf'
     1>nonOverlappingTemplateMatchings.c(522): warning C4334: '<<' : result of 32-bit shift implicitly converted to 64 bits (was 64-bit shift intended?)
     1>nonOverlappingTemplateMatchings.c(547): warning C4996: 'sprintf': This function or variable may be unsafe. Consider using sprintf_s instead. To disable deprecation, use _CRT_SECURE_NO_WARNINGS. See online help for details.
                 C:\Program Files (x86)\Microsoft Visual Studio 12.0\VC\include\stdio.h(356) : see declaration of 'sprintf'
     1>nonOverlappingTemplateMatchings.c(548): warning C4996: 'fopen': This function or variable may be unsafe. Consider using fopen_s instead. To disable deprecation, use _CRT_SECURE_NO_WARNINGS. See online help for details.
                 C:\Program Files (x86)\Microsoft Visual Studio 12.0\VC\include\stdio.h(211) : see declaration of 'fopen'
     1>nonOverlappingTemplateMatchings.c(552): warning C4996: 'fopen': This function or variable may be unsafe. Consider using fopen_s instead. To disable deprecation, use _CRT_SECURE_NO_WARNINGS. See online help for details.
                 C:\Program Files (x86)\Microsoft Visual Studio 12.0\VC\include\stdio.h(211) : see declaration of 'fopen'
     1>nonOverlappingTemplateMatchings.c(614): warning C4996: 'fscanf': This function or variable may be unsafe. Consider using fscanf_s instead. To disable deprecation, use _CRT_SECURE_NO_WARNINGS. See online help for details.
                 C:\Program Files (x86)\Microsoft Visual Studio 12.0\VC\include\stdio.h(230) : see declaration of 'fscanf'
     1>nonOverlappingTemplateMatchings.c(643): warning C4996: 'fopen': This function or variable may be unsafe. Consider using fopen_s instead. To disable deprecation, use _CRT_SECURE_NO_WARNINGS. See online help for details.
                 C:\Program Files (x86)\Microsoft Visual Studio 12.0\VC\include\stdio.h(211) : see declaration of 'fopen'
     1>nonOverlappingTemplateMatchings.c(651): warning C4996: 'fscanf': This function or variable may be unsafe. Consider using fscanf_s instead. To disable deprecation, use _CRT_SECURE_NO_WARNINGS. See online help for details.
                 C:\Program Files (x86)\Microsoft Visual Studio 12.0\VC\include\stdio.h(230) : see declaration of 'fscanf'
     1>nonOverlappingTemplateMatchings.c(486): warning C4101: 'bit_ind' : unreferenced local variable
     1>nonOverlappingTemplateMatchings.c(485): warning C4101: 'window' : unreferenced local variable
         matrix.c
         main-correctness.c
     1>main-correctness.c(15): warning C4142: benign redefinition of type
     1>main-correctness.c(15): warning C4028: formal parameter 1 different from declaration
     1>main-correctness.c(15): warning C4273: 'log2' : inconsistent dll linkage
                 C:\Program Files (x86)\Microsoft Visual Studio 12.0\VC\include\math.h(504) : see previous definition of 'log2'
         LUTs.c
         longestRunOfOnes.c
         linearComplexity.c
         genutils.c
         generators.c
         frequency.c
     1>d:\_research\projects\statistical_testing\batteries diehard nist testu01\nist sts\nist\nist\../include/erf.h(12): warning C4273: 'erf' : inconsistent dll linkage
                 C:\Program Files (x86)\Microsoft Visual Studio 12.0\VC\include\math.h(486) : see previous definition of 'erf'
     1>d:\_research\projects\statistical_testing\batteries diehard nist testu01\nist sts\nist\nist\../include/erf.h(13): warning C4273: 'erfc' : inconsistent dll linkage
                 C:\Program Files (x86)\Microsoft Visual Studio 12.0\VC\include\math.h(487) : see previous definition of 'erfc'
         erf.c
     1>d:\_research\projects\statistical_testing\batteries diehard nist testu01\nist sts\nist\nist\../include/erf.h(12): warning C4273: 'erf' : inconsistent dll linkage
                 C:\Program Files (x86)\Microsoft Visual Studio 12.0\VC\include\math.h(486) : see previous definition of 'erf'
     1>d:\_research\projects\statistical_testing\batteries diehard nist testu01\nist sts\nist\nist\../include/erf.h(13): warning C4273: 'erfc' : inconsistent dll linkage
                 C:\Program Files (x86)\Microsoft Visual Studio 12.0\VC\include\math.h(487) : see previous definition of 'erfc'
         discreteFourierTransform.c
     1>d:\_research\projects\statistical_testing\batteries diehard nist testu01\nist sts\nist\nist\../include/erf.h(12): warning C4273: 'erf' : inconsistent dll linkage
                 C:\Program Files (x86)\Microsoft Visual Studio 12.0\VC\include\math.h(486) : see previous definition of 'erf'
     1>d:\_research\projects\statistical_testing\batteries diehard nist testu01\nist sts\nist\nist\../include/erf.h(13): warning C4273: 'erfc' : inconsistent dll linkage
                 C:\Program Files (x86)\Microsoft Visual Studio 12.0\VC\include\math.h(487) : see previous definition of 'erfc'
         Generating Code...
         Compiling...
         dfft.c
         cusum.c
         cephes.c
     1>d:\_research\projects\statistical_testing\batteries diehard nist testu01\nist sts\nist\nist\../include/erf.h(12): warning C4273: 'erf' : inconsistent dll linkage
                 C:\Program Files (x86)\Microsoft Visual Studio 12.0\VC\include\math.h(486) : see previous definition of 'erf'
     1>d:\_research\projects\statistical_testing\batteries diehard nist testu01\nist sts\nist\nist\../include/erf.h(13): warning C4273: 'erfc' : inconsistent dll linkage
                 C:\Program Files (x86)\Microsoft Visual Studio 12.0\VC\include\math.h(487) : see previous definition of 'erfc'
         BMA.c
     1>BMA.c(47): warning C4146: unary minus operator applied to unsigned type, result still unsigned
         BM.c
         blockFrequency.c
         assess.c
     1>assess.c(136): warning C4996: 'sprintf': This function or variable may be unsafe. Consider using sprintf_s instead. To disable deprecation, use _CRT_SECURE_NO_WARNINGS. See online help for details.
                 C:\Program Files (x86)\Microsoft Visual Studio 12.0\VC\include\stdio.h(356) : see declaration of 'sprintf'
     1>assess.c(138): warning C4996: 'fopen': This function or variable may be unsafe. Consider using fopen_s instead. To disable deprecation, use _CRT_SECURE_NO_WARNINGS. See online help for details.
                 C:\Program Files (x86)\Microsoft Visual Studio 12.0\VC\include\stdio.h(211) : see declaration of 'fopen'
     1>assess.c(146): warning C4996: 'sprintf': This function or variable may be unsafe. Consider using sprintf_s instead. To disable deprecation, use _CRT_SECURE_NO_WARNINGS. See online help for details.
                 C:\Program Files (x86)\Microsoft Visual Studio 12.0\VC\include\stdio.h(356) : see declaration of 'sprintf'
     1>assess.c(148): warning C4996: 'sprintf': This function or variable may be unsafe. Consider using sprintf_s instead. To disable deprecation, use _CRT_SECURE_NO_WARNINGS. See online help for details.
                 C:\Program Files (x86)\Microsoft Visual Studio 12.0\VC\include\stdio.h(356) : see declaration of 'sprintf'
     1>assess.c(150): warning C4996: 'sprintf': This function or variable may be unsafe. Consider using sprintf_s instead. To disable deprecation, use _CRT_SECURE_NO_WARNINGS. See online help for details.
                 C:\Program Files (x86)\Microsoft Visual Studio 12.0\VC\include\stdio.h(356) : see declaration of 'sprintf'
     1>assess.c(157): warning C4996: 'fopen': This function or variable may be unsafe. Consider using fopen_s instead. To disable deprecation, use _CRT_SECURE_NO_WARNINGS. See online help for details.
                 C:\Program Files (x86)\Microsoft Visual Studio 12.0\VC\include\stdio.h(211) : see declaration of 'fopen'
     1>assess.c(173): warning C4996: 'fopen': This function or variable may be unsafe. Consider using fopen_s instead. To disable deprecation, use _CRT_SECURE_NO_WARNINGS. See online help for details.
                 C:\Program Files (x86)\Microsoft Visual Studio 12.0\VC\include\stdio.h(211) : see declaration of 'fopen'
     1>assess.c(181): warning C4996: 'fscanf': This function or variable may be unsafe. Consider using fscanf_s instead. To disable deprecation, use _CRT_SECURE_NO_WARNINGS. See online help for details.
                 C:\Program Files (x86)\Microsoft Visual Studio 12.0\VC\include\stdio.h(230) : see declaration of 'fscanf'
     1>assess.c(234): warning C4996: 'sprintf': This function or variable may be unsafe. Consider using sprintf_s instead. To disable deprecation, use _CRT_SECURE_NO_WARNINGS. See online help for details.
                 C:\Program Files (x86)\Microsoft Visual Studio 12.0\VC\include\stdio.h(356) : see declaration of 'sprintf'
     1>assess.c(236): warning C4996: 'sprintf': This function or variable may be unsafe. Consider using sprintf_s instead. To disable deprecation, use _CRT_SECURE_NO_WARNINGS. See online help for details.
                 C:\Program Files (x86)\Microsoft Visual Studio 12.0\VC\include\stdio.h(356) : see declaration of 'sprintf'
     1>assess.c(238): warning C4996: 'sprintf': This function or variable may be unsafe. Consider using sprintf_s instead. To disable deprecation, use _CRT_SECURE_NO_WARNINGS. See online help for details.
                 C:\Program Files (x86)\Microsoft Visual Studio 12.0\VC\include\stdio.h(356) : see declaration of 'sprintf'
     1>assess.c(246): warning C4996: 'sprintf': This function or variable may be unsafe. Consider using sprintf_s instead. To disable deprecation, use _CRT_SECURE_NO_WARNINGS. See online help for details.
                 C:\Program Files (x86)\Microsoft Visual Studio 12.0\VC\include\stdio.h(356) : see declaration of 'sprintf'
     1>assess.c(298): warning C4996: 'fopen': This function or variable may be unsafe. Consider using fopen_s instead. To disable deprecation, use _CRT_SECURE_NO_WARNINGS. See online help for details.
                 C:\Program Files (x86)\Microsoft Visual Studio 12.0\VC\include\stdio.h(211) : see declaration of 'fopen'
     1>assess.c(320): warning C4996: 'fscanf': This function or variable may be unsafe. Consider using fscanf_s instead. To disable deprecation, use _CRT_SECURE_NO_WARNINGS. See online help for details.
                 C:\Program Files (x86)\Microsoft Visual Studio 12.0\VC\include\stdio.h(230) : see declaration of 'fscanf'
     1>assess.c(347): warning C4996: 'fscanf': This function or variable may be unsafe. Consider using fscanf_s instead. To disable deprecation, use _CRT_SECURE_NO_WARNINGS. See online help for details.
                 C:\Program Files (x86)\Microsoft Visual Studio 12.0\VC\include\stdio.h(230) : see declaration of 'fscanf'
         approximateEntropy.c
         Generating Code...
       Link:
         C:\Program Files (x86)\Microsoft Visual Studio 12.0\VC\bin\x86_amd64\link.exe /ERRORREPORT:PROMPT /OUT:"D:\_Research\Projects\Statistical_testing\Batteries DIEHARD NIST TESTU01\NIST STS\NIST\x64\Debug\NIST.exe" /INCREMENTAL /NOLOGO kernel32.lib user32.lib gdi32.lib winspool.lib comdlg32.lib advapi32.lib shell32.lib ole32.lib oleaut32.lib uuid.lib odbc32.lib odbccp32.lib /MANIFEST /MANIFESTUAC:"level='asInvoker' uiAccess='false'" /manifest:embed /DEBUG /PDB:"D:\_Research\Projects\Statistical_testing\Batteries DIEHARD NIST TESTU01\NIST STS\NIST\x64\Debug\NIST.pdb" /SUBSYSTEM:CONSOLE /TLBID:1 /DYNAMICBASE /NXCOMPAT /IMPLIB:"D:\_Research\Projects\Statistical_testing\Batteries DIEHARD NIST TESTU01\NIST STS\NIST\x64\Debug\NIST.lib" /MACHINE:X64 x64\Debug\approximateEntropy.obj
         x64\Debug\assess.obj
         x64\Debug\blockFrequency.obj
         x64\Debug\BM.obj
         x64\Debug\BMA.obj
         x64\Debug\cephes.obj
         x64\Debug\cusum.obj
         x64\Debug\dfft.obj
         x64\Debug\discreteFourierTransform.obj
         x64\Debug\erf.obj
         x64\Debug\frequency.obj
         x64\Debug\generators.obj
         x64\Debug\genutils.obj
         x64\Debug\linearComplexity.obj
         x64\Debug\longestRunOfOnes.obj
         x64\Debug\LUTs.obj
         "x64\Debug\main-correctness.obj"
         x64\Debug\matrix.obj
         x64\Debug\nonOverlappingTemplateMatchings.obj
         x64\Debug\overlappingTemplateMatchings.obj
         x64\Debug\randomExcursions.obj
         x64\Debug\randomExcursionsVariant.obj
         x64\Debug\rank.obj
         x64\Debug\runs.obj
         x64\Debug\serial.obj
         x64\Debug\tools.obj
         x64\Debug\universal.obj
         x64\Debug\utilities.obj
         "fft64\libfftw3-3.lib"
            Creating library D:\_Research\Projects\Statistical_testing\Batteries DIEHARD NIST TESTU01\NIST STS\NIST\x64\Debug\NIST.lib and object D:\_Research\Projects\Statistical_testing\Batteries DIEHARD NIST TESTU01\NIST STS\NIST\x64\Debug\NIST.exp
         NIST.vcxproj -> D:\_Research\Projects\Statistical_testing\Batteries DIEHARD NIST TESTU01\NIST STS\NIST\x64\Debug\NIST.exe
     1>Done Building Project "D:\_Research\Projects\Statistical_testing\Batteries DIEHARD NIST TESTU01\NIST STS\NIST\NIST\NIST.vcxproj" (Rebuild target(s)).

Build succeeded.

Time Elapsed 00:00:02.84
