d:\_research\projects\statistical_testing\batteries diehard nist testu01\nist sts\github\nist-sts-optimised\nist\nist\x64\debug\vc120.pdb
d:\_research\projects\statistical_testing\batteries diehard nist testu01\nist sts\github\nist-sts-optimised\nist\nist\x64\debug\vc120.idb
d:\_research\projects\statistical_testing\batteries diehard nist testu01\nist sts\github\nist-sts-optimised\nist\nist\x64\debug\discretefouriertransform.obj
d:\_research\projects\statistical_testing\batteries diehard nist testu01\nist sts\github\nist-sts-optimised\nist\nist\x64\debug\erf.obj
d:\_research\projects\statistical_testing\batteries diehard nist testu01\nist sts\github\nist-sts-optimised\nist\nist\x64\debug\frequency.obj
d:\_research\projects\statistical_testing\batteries diehard nist testu01\nist sts\github\nist-sts-optimised\nist\nist\x64\debug\generators.obj
d:\_research\projects\statistical_testing\batteries diehard nist testu01\nist sts\github\nist-sts-optimised\nist\nist\x64\debug\genutils.obj
d:\_research\projects\statistical_testing\batteries diehard nist testu01\nist sts\github\nist-sts-optimised\nist\nist\x64\debug\linearcomplexity.obj
d:\_research\projects\statistical_testing\batteries diehard nist testu01\nist sts\github\nist-sts-optimised\nist\nist\x64\debug\longestrunofones.obj
d:\_research\projects\statistical_testing\batteries diehard nist testu01\nist sts\github\nist-sts-optimised\nist\nist\x64\debug\luts.obj
d:\_research\projects\statistical_testing\batteries diehard nist testu01\nist sts\github\nist-sts-optimised\nist\nist\x64\debug\main-correctness.obj
d:\_research\projects\statistical_testing\batteries diehard nist testu01\nist sts\github\nist-sts-optimised\nist\nist\x64\debug\matrix.obj
d:\_research\projects\statistical_testing\batteries diehard nist testu01\nist sts\github\nist-sts-optimised\nist\nist\x64\debug\nonoverlappingtemplatematchings.obj
d:\_research\projects\statistical_testing\batteries diehard nist testu01\nist sts\github\nist-sts-optimised\nist\nist\x64\debug\overlappingtemplatematchings.obj
d:\_research\projects\statistical_testing\batteries diehard nist testu01\nist sts\github\nist-sts-optimised\nist\nist\x64\debug\randomexcursions.obj
d:\_research\projects\statistical_testing\batteries diehard nist testu01\nist sts\github\nist-sts-optimised\nist\nist\x64\debug\randomexcursionsvariant.obj
d:\_research\projects\statistical_testing\batteries diehard nist testu01\nist sts\github\nist-sts-optimised\nist\nist\x64\debug\rank.obj
d:\_research\projects\statistical_testing\batteries diehard nist testu01\nist sts\github\nist-sts-optimised\nist\nist\x64\debug\runs.obj
d:\_research\projects\statistical_testing\batteries diehard nist testu01\nist sts\github\nist-sts-optimised\nist\nist\x64\debug\serial.obj
d:\_research\projects\statistical_testing\batteries diehard nist testu01\nist sts\github\nist-sts-optimised\nist\nist\x64\debug\tools.obj
d:\_research\projects\statistical_testing\batteries diehard nist testu01\nist sts\github\nist-sts-optimised\nist\nist\x64\debug\universal.obj
d:\_research\projects\statistical_testing\batteries diehard nist testu01\nist sts\github\nist-sts-optimised\nist\nist\x64\debug\utilities.obj
d:\_research\projects\statistical_testing\batteries diehard nist testu01\nist sts\github\nist-sts-optimised\nist\nist\x64\debug\approximateentropy.obj
d:\_research\projects\statistical_testing\batteries diehard nist testu01\nist sts\github\nist-sts-optimised\nist\nist\x64\debug\assess.obj
d:\_research\projects\statistical_testing\batteries diehard nist testu01\nist sts\github\nist-sts-optimised\nist\nist\x64\debug\blockfrequency.obj
d:\_research\projects\statistical_testing\batteries diehard nist testu01\nist sts\github\nist-sts-optimised\nist\nist\x64\debug\bm.obj
d:\_research\projects\statistical_testing\batteries diehard nist testu01\nist sts\github\nist-sts-optimised\nist\nist\x64\debug\bma.obj
d:\_research\projects\statistical_testing\batteries diehard nist testu01\nist sts\github\nist-sts-optimised\nist\nist\x64\debug\cephes.obj
d:\_research\projects\statistical_testing\batteries diehard nist testu01\nist sts\github\nist-sts-optimised\nist\nist\x64\debug\cusum.obj
d:\_research\projects\statistical_testing\batteries diehard nist testu01\nist sts\github\nist-sts-optimised\nist\nist\x64\debug\dfft.obj
d:\_research\projects\statistical_testing\batteries diehard nist testu01\nist sts\github\nist-sts-optimised\nist\x64\debug\nist.ilk
d:\_research\projects\statistical_testing\batteries diehard nist testu01\nist sts\github\nist-sts-optimised\nist\x64\debug\nist.exe
d:\_research\projects\statistical_testing\batteries diehard nist testu01\nist sts\github\nist-sts-optimised\nist\x64\debug\nist.pdb
d:\_research\projects\statistical_testing\batteries diehard nist testu01\nist sts\github\nist-sts-optimised\nist\x64\debug\nist.lib
d:\_research\projects\statistical_testing\batteries diehard nist testu01\nist sts\github\nist-sts-optimised\nist\x64\debug\nist.exp
d:\_research\projects\statistical_testing\batteries diehard nist testu01\nist sts\github\nist-sts-optimised\nist\nist\x64\debug\nist.tlog\cl.command.1.tlog
d:\_research\projects\statistical_testing\batteries diehard nist testu01\nist sts\github\nist-sts-optimised\nist\nist\x64\debug\nist.tlog\cl.read.1.tlog
d:\_research\projects\statistical_testing\batteries diehard nist testu01\nist sts\github\nist-sts-optimised\nist\nist\x64\debug\nist.tlog\cl.write.1.tlog
d:\_research\projects\statistical_testing\batteries diehard nist testu01\nist sts\github\nist-sts-optimised\nist\nist\x64\debug\nist.tlog\link.command.1.tlog
d:\_research\projects\statistical_testing\batteries diehard nist testu01\nist sts\github\nist-sts-optimised\nist\nist\x64\debug\nist.tlog\link.read.1.tlog
d:\_research\projects\statistical_testing\batteries diehard nist testu01\nist sts\github\nist-sts-optimised\nist\nist\x64\debug\nist.tlog\link.write.1.tlog
d:\_research\projects\statistical_testing\batteries diehard nist testu01\nist sts\github\nist-sts-optimised\nist\nist\x64\debug\nist.tlog\nist.write.1u.tlog
