d:\_research\projects\statistical_testing\batteries diehard nist testu01\nist sts\nist\nist\x64\release\vc120.pdb
d:\_research\projects\statistical_testing\batteries diehard nist testu01\nist sts\nist\nist\x64\release\overlappingtemplatematchings.obj
d:\_research\projects\statistical_testing\batteries diehard nist testu01\nist sts\nist\nist\x64\release\nonoverlappingtemplatematchings.obj
d:\_research\projects\statistical_testing\batteries diehard nist testu01\nist sts\nist\nist\x64\release\matrix.obj
d:\_research\projects\statistical_testing\batteries diehard nist testu01\nist sts\nist\nist\x64\release\main-correctness.obj
d:\_research\projects\statistical_testing\batteries diehard nist testu01\nist sts\nist\nist\x64\release\luts.obj
d:\_research\projects\statistical_testing\batteries diehard nist testu01\nist sts\nist\nist\x64\release\longestrunofones.obj
d:\_research\projects\statistical_testing\batteries diehard nist testu01\nist sts\nist\nist\x64\release\linearcomplexity.obj
d:\_research\projects\statistical_testing\batteries diehard nist testu01\nist sts\nist\nist\x64\release\genutils.obj
d:\_research\projects\statistical_testing\batteries diehard nist testu01\nist sts\nist\nist\x64\release\generators.obj
d:\_research\projects\statistical_testing\batteries diehard nist testu01\nist sts\nist\nist\x64\release\frequency.obj
d:\_research\projects\statistical_testing\batteries diehard nist testu01\nist sts\nist\nist\x64\release\erf.obj
d:\_research\projects\statistical_testing\batteries diehard nist testu01\nist sts\nist\nist\x64\release\discretefouriertransform.obj
d:\_research\projects\statistical_testing\batteries diehard nist testu01\nist sts\nist\nist\x64\release\dfft.obj
d:\_research\projects\statistical_testing\batteries diehard nist testu01\nist sts\nist\nist\x64\release\cusum.obj
d:\_research\projects\statistical_testing\batteries diehard nist testu01\nist sts\nist\nist\x64\release\cephes.obj
d:\_research\projects\statistical_testing\batteries diehard nist testu01\nist sts\nist\nist\x64\release\bma.obj
d:\_research\projects\statistical_testing\batteries diehard nist testu01\nist sts\nist\nist\x64\release\bm.obj
d:\_research\projects\statistical_testing\batteries diehard nist testu01\nist sts\nist\nist\x64\release\blockfrequency.obj
d:\_research\projects\statistical_testing\batteries diehard nist testu01\nist sts\nist\nist\x64\release\assess.obj
d:\_research\projects\statistical_testing\batteries diehard nist testu01\nist sts\nist\nist\x64\release\approximateentropy.obj
d:\_research\projects\statistical_testing\batteries diehard nist testu01\nist sts\nist\nist\x64\release\utilities.obj
d:\_research\projects\statistical_testing\batteries diehard nist testu01\nist sts\nist\nist\x64\release\universal.obj
d:\_research\projects\statistical_testing\batteries diehard nist testu01\nist sts\nist\nist\x64\release\tools.obj
d:\_research\projects\statistical_testing\batteries diehard nist testu01\nist sts\nist\nist\x64\release\serial.obj
d:\_research\projects\statistical_testing\batteries diehard nist testu01\nist sts\nist\nist\x64\release\runs.obj
d:\_research\projects\statistical_testing\batteries diehard nist testu01\nist sts\nist\nist\x64\release\rank.obj
d:\_research\projects\statistical_testing\batteries diehard nist testu01\nist sts\nist\nist\x64\release\randomexcursionsvariant.obj
d:\_research\projects\statistical_testing\batteries diehard nist testu01\nist sts\nist\nist\x64\release\randomexcursions.obj
d:\_research\projects\statistical_testing\batteries diehard nist testu01\nist sts\nist\x64\release\nist.exe
d:\_research\projects\statistical_testing\batteries diehard nist testu01\nist sts\nist\x64\release\nist.pdb
d:\_research\projects\statistical_testing\batteries diehard nist testu01\nist sts\nist\x64\release\nist.lib
d:\_research\projects\statistical_testing\batteries diehard nist testu01\nist sts\nist\x64\release\nist.exp
d:\_research\projects\statistical_testing\batteries diehard nist testu01\nist sts\nist\nist\x64\release\nist.tlog\cl.command.1.tlog
d:\_research\projects\statistical_testing\batteries diehard nist testu01\nist sts\nist\nist\x64\release\nist.tlog\cl.read.1.tlog
d:\_research\projects\statistical_testing\batteries diehard nist testu01\nist sts\nist\nist\x64\release\nist.tlog\cl.write.1.tlog
d:\_research\projects\statistical_testing\batteries diehard nist testu01\nist sts\nist\nist\x64\release\nist.tlog\link.command.1.tlog
d:\_research\projects\statistical_testing\batteries diehard nist testu01\nist sts\nist\nist\x64\release\nist.tlog\link.read.1.tlog
d:\_research\projects\statistical_testing\batteries diehard nist testu01\nist sts\nist\nist\x64\release\nist.tlog\link.write.1.tlog
d:\_research\projects\statistical_testing\batteries diehard nist testu01\nist sts\nist\nist\x64\release\nist.tlog\nist.write.1u.tlog
