D:\_RESEARCH\PROJECTS\STATISTICAL_TESTING\BATTERIES DIEHARD NIST TESTU01\NIST STS\NIST\NIST\DEBUG\DISCRETEFOURIERTRANSFORM.OBJ
D:\_RESEARCH\PROJECTS\STATISTICAL_TESTING\BATTERIES DIEHARD NIST TESTU01\NIST STS\NIST\NIST\DEBUG\ERF.OBJ
D:\_RESEARCH\PROJECTS\STATISTICAL_TESTING\BATTERIES DIEHARD NIST TESTU01\NIST STS\NIST\NIST\DEBUG\FREQUENCY.OBJ
D:\_RESEARCH\PROJECTS\STATISTICAL_TESTING\BATTERIES DIEHARD NIST TESTU01\NIST STS\NIST\NIST\DEBUG\GENERATORS.OBJ
D:\_RESEARCH\PROJECTS\STATISTICAL_TESTING\BATTERIES DIEHARD NIST TESTU01\NIST STS\NIST\NIST\DEBUG\GENUTILS.OBJ
D:\_RESEARCH\PROJECTS\STATISTICAL_TESTING\BATTERIES DIEHARD NIST TESTU01\NIST STS\NIST\NIST\DEBUG\LINEARCOMPLEXITY.OBJ
D:\_RESEARCH\PROJECTS\STATISTICAL_TESTING\BATTERIES DIEHARD NIST TESTU01\NIST STS\NIST\NIST\DEBUG\LONGESTRUNOFONES.OBJ
D:\_RESEARCH\PROJECTS\STATISTICAL_TESTING\BATTERIES DIEHARD NIST TESTU01\NIST STS\NIST\NIST\DEBUG\LUTS.OBJ
D:\_RESEARCH\PROJECTS\STATISTICAL_TESTING\BATTERIES DIEHARD NIST TESTU01\NIST STS\NIST\NIST\DEBUG\MAIN - SPEED.OBJ
D:\_RESEARCH\PROJECTS\STATISTICAL_TESTING\BATTERIES DIEHARD NIST TESTU01\NIST STS\NIST\NIST\DEBUG\MATRIX.OBJ
D:\_RESEARCH\PROJECTS\STATISTICAL_TESTING\BATTERIES DIEHARD NIST TESTU01\NIST STS\NIST\NIST\DEBUG\NONOVERLAPPINGTEMPLATEMATCHINGS.OBJ
D:\_RESEARCH\PROJECTS\STATISTICAL_TESTING\BATTERIES DIEHARD NIST TESTU01\NIST STS\NIST\NIST\DEBUG\OVERLAPPINGTEMPLATEMATCHINGS.OBJ
D:\_RESEARCH\PROJECTS\STATISTICAL_TESTING\BATTERIES DIEHARD NIST TESTU01\NIST STS\NIST\NIST\DEBUG\RANDOMEXCURSIONS.OBJ
D:\_RESEARCH\PROJECTS\STATISTICAL_TESTING\BATTERIES DIEHARD NIST TESTU01\NIST STS\NIST\NIST\DEBUG\RANDOMEXCURSIONSVARIANT.OBJ
D:\_RESEARCH\PROJECTS\STATISTICAL_TESTING\BATTERIES DIEHARD NIST TESTU01\NIST STS\NIST\NIST\DEBUG\RANK.OBJ
D:\_RESEARCH\PROJECTS\STATISTICAL_TESTING\BATTERIES DIEHARD NIST TESTU01\NIST STS\NIST\NIST\DEBUG\RUNS.OBJ
D:\_RESEARCH\PROJECTS\STATISTICAL_TESTING\BATTERIES DIEHARD NIST TESTU01\NIST STS\NIST\NIST\DEBUG\SERIAL.OBJ
D:\_RESEARCH\PROJECTS\STATISTICAL_TESTING\BATTERIES DIEHARD NIST TESTU01\NIST STS\NIST\NIST\DEBUG\TOOLS.OBJ
D:\_RESEARCH\PROJECTS\STATISTICAL_TESTING\BATTERIES DIEHARD NIST TESTU01\NIST STS\NIST\NIST\DEBUG\UNIVERSAL.OBJ
D:\_RESEARCH\PROJECTS\STATISTICAL_TESTING\BATTERIES DIEHARD NIST TESTU01\NIST STS\NIST\NIST\DEBUG\UTILITIES.OBJ
D:\_RESEARCH\PROJECTS\STATISTICAL_TESTING\BATTERIES DIEHARD NIST TESTU01\NIST STS\NIST\NIST\DEBUG\APPROXIMATEENTROPY.OBJ
D:\_RESEARCH\PROJECTS\STATISTICAL_TESTING\BATTERIES DIEHARD NIST TESTU01\NIST STS\NIST\NIST\DEBUG\ASSESS.OBJ
D:\_RESEARCH\PROJECTS\STATISTICAL_TESTING\BATTERIES DIEHARD NIST TESTU01\NIST STS\NIST\NIST\DEBUG\BLOCKFREQUENCY.OBJ
D:\_RESEARCH\PROJECTS\STATISTICAL_TESTING\BATTERIES DIEHARD NIST TESTU01\NIST STS\NIST\NIST\DEBUG\BM.OBJ
D:\_RESEARCH\PROJECTS\STATISTICAL_TESTING\BATTERIES DIEHARD NIST TESTU01\NIST STS\NIST\NIST\DEBUG\BMA.OBJ
D:\_RESEARCH\PROJECTS\STATISTICAL_TESTING\BATTERIES DIEHARD NIST TESTU01\NIST STS\NIST\NIST\DEBUG\CEPHES.OBJ
D:\_RESEARCH\PROJECTS\STATISTICAL_TESTING\BATTERIES DIEHARD NIST TESTU01\NIST STS\NIST\NIST\DEBUG\CUSUM.OBJ
D:\_RESEARCH\PROJECTS\STATISTICAL_TESTING\BATTERIES DIEHARD NIST TESTU01\NIST STS\NIST\NIST\DEBUG\DFFT.OBJ
D:\_RESEARCH\PROJECTS\STATISTICAL_TESTING\BATTERIES DIEHARD NIST TESTU01\NIST STS\NIST\NIST\DEBUG\VC110.PDB
D:\_RESEARCH\PROJECTS\STATISTICAL_TESTING\BATTERIES DIEHARD NIST TESTU01\NIST STS\NIST\DEBUG\NIST.ILK
D:\_RESEARCH\PROJECTS\STATISTICAL_TESTING\BATTERIES DIEHARD NIST TESTU01\NIST STS\NIST\DEBUG\NIST.EXE
D:\_RESEARCH\PROJECTS\STATISTICAL_TESTING\BATTERIES DIEHARD NIST TESTU01\NIST STS\NIST\DEBUG\NIST.PDB
D:\_Research\Projects\Statistical_testing\Batteries DIEHARD NIST TESTU01\NIST STS\NIST\NIST\Debug\approximateEntropy.obj
D:\_Research\Projects\Statistical_testing\Batteries DIEHARD NIST TESTU01\NIST STS\NIST\NIST\Debug\assess.obj
D:\_Research\Projects\Statistical_testing\Batteries DIEHARD NIST TESTU01\NIST STS\NIST\NIST\Debug\blockFrequency.obj
D:\_Research\Projects\Statistical_testing\Batteries DIEHARD NIST TESTU01\NIST STS\NIST\NIST\Debug\BM.obj
D:\_Research\Projects\Statistical_testing\Batteries DIEHARD NIST TESTU01\NIST STS\NIST\NIST\Debug\BMA.obj
D:\_Research\Projects\Statistical_testing\Batteries DIEHARD NIST TESTU01\NIST STS\NIST\NIST\Debug\cephes.obj
D:\_Research\Projects\Statistical_testing\Batteries DIEHARD NIST TESTU01\NIST STS\NIST\NIST\Debug\cusum.obj
D:\_Research\Projects\Statistical_testing\Batteries DIEHARD NIST TESTU01\NIST STS\NIST\NIST\Debug\dfft.obj
D:\_Research\Projects\Statistical_testing\Batteries DIEHARD NIST TESTU01\NIST STS\NIST\NIST\Debug\discreteFourierTransform.obj
D:\_Research\Projects\Statistical_testing\Batteries DIEHARD NIST TESTU01\NIST STS\NIST\NIST\Debug\erf.obj
D:\_Research\Projects\Statistical_testing\Batteries DIEHARD NIST TESTU01\NIST STS\NIST\NIST\Debug\frequency.obj
D:\_Research\Projects\Statistical_testing\Batteries DIEHARD NIST TESTU01\NIST STS\NIST\NIST\Debug\generators.obj
D:\_Research\Projects\Statistical_testing\Batteries DIEHARD NIST TESTU01\NIST STS\NIST\NIST\Debug\genutils.obj
D:\_Research\Projects\Statistical_testing\Batteries DIEHARD NIST TESTU01\NIST STS\NIST\NIST\Debug\linearComplexity.obj
D:\_Research\Projects\Statistical_testing\Batteries DIEHARD NIST TESTU01\NIST STS\NIST\NIST\Debug\longestRunOfOnes.obj
D:\_Research\Projects\Statistical_testing\Batteries DIEHARD NIST TESTU01\NIST STS\NIST\NIST\Debug\LUTs.obj
D:\_Research\Projects\Statistical_testing\Batteries DIEHARD NIST TESTU01\NIST STS\NIST\NIST\Debug\main - speed.obj
D:\_Research\Projects\Statistical_testing\Batteries DIEHARD NIST TESTU01\NIST STS\NIST\NIST\Debug\matrix.obj
D:\_Research\Projects\Statistical_testing\Batteries DIEHARD NIST TESTU01\NIST STS\NIST\NIST\Debug\nonOverlappingTemplateMatchings.obj
D:\_Research\Projects\Statistical_testing\Batteries DIEHARD NIST TESTU01\NIST STS\NIST\NIST\Debug\overlappingTemplateMatchings.obj
D:\_Research\Projects\Statistical_testing\Batteries DIEHARD NIST TESTU01\NIST STS\NIST\NIST\Debug\randomExcursions.obj
D:\_Research\Projects\Statistical_testing\Batteries DIEHARD NIST TESTU01\NIST STS\NIST\NIST\Debug\randomExcursionsVariant.obj
D:\_Research\Projects\Statistical_testing\Batteries DIEHARD NIST TESTU01\NIST STS\NIST\NIST\Debug\rank.obj
D:\_Research\Projects\Statistical_testing\Batteries DIEHARD NIST TESTU01\NIST STS\NIST\NIST\Debug\runs.obj
D:\_Research\Projects\Statistical_testing\Batteries DIEHARD NIST TESTU01\NIST STS\NIST\NIST\Debug\serial.obj
D:\_Research\Projects\Statistical_testing\Batteries DIEHARD NIST TESTU01\NIST STS\NIST\NIST\Debug\tools.obj
D:\_Research\Projects\Statistical_testing\Batteries DIEHARD NIST TESTU01\NIST STS\NIST\NIST\Debug\universal.obj
D:\_Research\Projects\Statistical_testing\Batteries DIEHARD NIST TESTU01\NIST STS\NIST\NIST\Debug\utilities.obj
D:\_Research\Projects\Statistical_testing\Batteries DIEHARD NIST TESTU01\NIST STS\NIST\NIST\Debug\cl.command.1.tlog
D:\_Research\Projects\Statistical_testing\Batteries DIEHARD NIST TESTU01\NIST STS\NIST\NIST\Debug\CL.read.1.tlog
D:\_Research\Projects\Statistical_testing\Batteries DIEHARD NIST TESTU01\NIST STS\NIST\NIST\Debug\CL.write.1.tlog
D:\_Research\Projects\Statistical_testing\Batteries DIEHARD NIST TESTU01\NIST STS\NIST\NIST\Debug\link-cvtres.read.1.tlog
D:\_Research\Projects\Statistical_testing\Batteries DIEHARD NIST TESTU01\NIST STS\NIST\NIST\Debug\link-cvtres.write.1.tlog
D:\_Research\Projects\Statistical_testing\Batteries DIEHARD NIST TESTU01\NIST STS\NIST\NIST\Debug\link-rc.read.1.tlog
D:\_Research\Projects\Statistical_testing\Batteries DIEHARD NIST TESTU01\NIST STS\NIST\NIST\Debug\link-rc.write.1.tlog
D:\_Research\Projects\Statistical_testing\Batteries DIEHARD NIST TESTU01\NIST STS\NIST\NIST\Debug\link.command.1.tlog
D:\_Research\Projects\Statistical_testing\Batteries DIEHARD NIST TESTU01\NIST STS\NIST\NIST\Debug\link.read.1.tlog
D:\_Research\Projects\Statistical_testing\Batteries DIEHARD NIST TESTU01\NIST STS\NIST\NIST\Debug\link.write.1.tlog
D:\_Research\Projects\Statistical_testing\Batteries DIEHARD NIST TESTU01\NIST STS\NIST\NIST\Debug\vc110.idb
D:\_Research\Projects\Statistical_testing\Batteries DIEHARD NIST TESTU01\NIST STS\NIST\NIST\Debug\vc110.pdb
D:\_Research\Projects\Statistical_testing\Batteries DIEHARD NIST TESTU01\NIST STS\NIST\Debug\NIST.pdb
D:\_Research\Projects\Statistical_testing\Batteries DIEHARD NIST TESTU01\NIST STS\NIST\Debug\NIST.exe
D:\_Research\Projects\Statistical_testing\Batteries DIEHARD NIST TESTU01\NIST STS\NIST\Debug\NIST.ilk
