d:\_research\projects\statistical_testing\batteries diehard nist testu01\nist sts\nist\nist\release\vc120.pdb
d:\_research\projects\statistical_testing\batteries diehard nist testu01\nist sts\nist\nist\release\overlappingtemplatematchings.obj
d:\_research\projects\statistical_testing\batteries diehard nist testu01\nist sts\nist\nist\release\nonoverlappingtemplatematchings.obj
d:\_research\projects\statistical_testing\batteries diehard nist testu01\nist sts\nist\nist\release\matrix.obj
d:\_research\projects\statistical_testing\batteries diehard nist testu01\nist sts\nist\nist\release\main-correctness.obj
d:\_research\projects\statistical_testing\batteries diehard nist testu01\nist sts\nist\nist\release\luts.obj
d:\_research\projects\statistical_testing\batteries diehard nist testu01\nist sts\nist\nist\release\longestrunofones.obj
d:\_research\projects\statistical_testing\batteries diehard nist testu01\nist sts\nist\nist\release\linearcomplexity.obj
d:\_research\projects\statistical_testing\batteries diehard nist testu01\nist sts\nist\nist\release\genutils.obj
d:\_research\projects\statistical_testing\batteries diehard nist testu01\nist sts\nist\nist\release\generators.obj
d:\_research\projects\statistical_testing\batteries diehard nist testu01\nist sts\nist\nist\release\frequency.obj
d:\_research\projects\statistical_testing\batteries diehard nist testu01\nist sts\nist\nist\release\erf.obj
d:\_research\projects\statistical_testing\batteries diehard nist testu01\nist sts\nist\nist\release\discretefouriertransform.obj
d:\_research\projects\statistical_testing\batteries diehard nist testu01\nist sts\nist\nist\release\dfft.obj
d:\_research\projects\statistical_testing\batteries diehard nist testu01\nist sts\nist\nist\release\cusum.obj
d:\_research\projects\statistical_testing\batteries diehard nist testu01\nist sts\nist\nist\release\cephes.obj
d:\_research\projects\statistical_testing\batteries diehard nist testu01\nist sts\nist\nist\release\bma.obj
d:\_research\projects\statistical_testing\batteries diehard nist testu01\nist sts\nist\nist\release\bm.obj
d:\_research\projects\statistical_testing\batteries diehard nist testu01\nist sts\nist\nist\release\blockfrequency.obj
d:\_research\projects\statistical_testing\batteries diehard nist testu01\nist sts\nist\nist\release\assess.obj
d:\_research\projects\statistical_testing\batteries diehard nist testu01\nist sts\nist\nist\release\approximateentropy.obj
d:\_research\projects\statistical_testing\batteries diehard nist testu01\nist sts\nist\nist\release\utilities.obj
d:\_research\projects\statistical_testing\batteries diehard nist testu01\nist sts\nist\nist\release\universal.obj
d:\_research\projects\statistical_testing\batteries diehard nist testu01\nist sts\nist\nist\release\tools.obj
d:\_research\projects\statistical_testing\batteries diehard nist testu01\nist sts\nist\nist\release\serial.obj
d:\_research\projects\statistical_testing\batteries diehard nist testu01\nist sts\nist\nist\release\runs.obj
d:\_research\projects\statistical_testing\batteries diehard nist testu01\nist sts\nist\nist\release\rank.obj
d:\_research\projects\statistical_testing\batteries diehard nist testu01\nist sts\nist\nist\release\randomexcursionsvariant.obj
d:\_research\projects\statistical_testing\batteries diehard nist testu01\nist sts\nist\nist\release\randomexcursions.obj
d:\_research\projects\statistical_testing\batteries diehard nist testu01\nist sts\nist\nist\release\nist.tlog\cl.command.1.tlog
d:\_research\projects\statistical_testing\batteries diehard nist testu01\nist sts\nist\nist\release\nist.tlog\cl.read.1.tlog
d:\_research\projects\statistical_testing\batteries diehard nist testu01\nist sts\nist\nist\release\nist.tlog\cl.write.1.tlog
d:\_research\projects\statistical_testing\batteries diehard nist testu01\nist sts\nist\nist\release\nist.tlog\link.command.1.tlog
d:\_research\projects\statistical_testing\batteries diehard nist testu01\nist sts\nist\nist\release\nist.tlog\link.read.1.tlog
d:\_research\projects\statistical_testing\batteries diehard nist testu01\nist sts\nist\nist\release\nist.tlog\link.write.1.tlog
