Build started 11. 5. 2015 6:44:49.
     1>Project "D:\_Research\Projects\Statistical_testing\Batteries DIEHARD NIST TESTU01\NIST STS\NIST\NIST\NIST.vcxproj" on node 2 (Build target(s)).
     1>ClCompile:
         C:\Program Files (x86)\Microsoft Visual Studio 12.0\VC\bin\CL.exe /c /Zi /nologo /W3 /WX- /O2 /Oi /Oy- /GL /D WIN32 /D NDEBUG /D _CONSOLE /D _UNICODE /D UNICODE /Gm- /EHsc /MD /GS /Gy /fp:precise /Zc:wchar_t /Zc:forScope /Fo"Release\\" /Fd"Release\vc120.pdb" /Gd /TC /analyze- /errorReport:prompt ..\src\approximateEntropy.c ..\src\assess.c ..\src\blockFrequency.c ..\src\cephes.c ..\src\cusum.c ..\src\discreteFourierTransform.c ..\src\frequency.c ..\src\generators.c ..\src\genutils.c ..\src\linearComplexity.c ..\src\longestRunOfOnes.c ..\src\matrix.c ..\src\nonOverlappingTemplateMatchings.c ..\src\overlappingTemplateMatchings.c ..\src\randomExcursions.c ..\src\randomExcursionsVariant.c ..\src\rank.c ..\src\runs.c ..\src\serial.c ..\src\tools.c ..\src\universal.c ..\src\utilities.c
         approximateEntropy.c
         assess.c
     1>..\src\assess.c(136): warning C4996: 'sprintf': This function or variable may be unsafe. Consider using sprintf_s instead. To disable deprecation, use _CRT_SECURE_NO_WARNINGS. See online help for details.
                 C:\Program Files (x86)\Microsoft Visual Studio 12.0\VC\include\stdio.h(356) : see declaration of 'sprintf'
     1>..\src\assess.c(138): warning C4996: 'fopen': This function or variable may be unsafe. Consider using fopen_s instead. To disable deprecation, use _CRT_SECURE_NO_WARNINGS. See online help for details.
                 C:\Program Files (x86)\Microsoft Visual Studio 12.0\VC\include\stdio.h(211) : see declaration of 'fopen'
     1>..\src\assess.c(146): warning C4996: 'sprintf': This function or variable may be unsafe. Consider using sprintf_s instead. To disable deprecation, use _CRT_SECURE_NO_WARNINGS. See online help for details.
                 C:\Program Files (x86)\Microsoft Visual Studio 12.0\VC\include\stdio.h(356) : see declaration of 'sprintf'
     1>..\src\assess.c(148): warning C4996: 'sprintf': This function or variable may be unsafe. Consider using sprintf_s instead. To disable deprecation, use _CRT_SECURE_NO_WARNINGS. See online help for details.
                 C:\Program Files (x86)\Microsoft Visual Studio 12.0\VC\include\stdio.h(356) : see declaration of 'sprintf'
     1>..\src\assess.c(150): warning C4996: 'sprintf': This function or variable may be unsafe. Consider using sprintf_s instead. To disable deprecation, use _CRT_SECURE_NO_WARNINGS. See online help for details.
                 C:\Program Files (x86)\Microsoft Visual Studio 12.0\VC\include\stdio.h(356) : see declaration of 'sprintf'
     1>..\src\assess.c(157): warning C4996: 'fopen': This function or variable may be unsafe. Consider using fopen_s instead. To disable deprecation, use _CRT_SECURE_NO_WARNINGS. See online help for details.
                 C:\Program Files (x86)\Microsoft Visual Studio 12.0\VC\include\stdio.h(211) : see declaration of 'fopen'
     1>..\src\assess.c(173): warning C4996: 'fopen': This function or variable may be unsafe. Consider using fopen_s instead. To disable deprecation, use _CRT_SECURE_NO_WARNINGS. See online help for details.
                 C:\Program Files (x86)\Microsoft Visual Studio 12.0\VC\include\stdio.h(211) : see declaration of 'fopen'
     1>..\src\assess.c(181): warning C4996: 'fscanf': This function or variable may be unsafe. Consider using fscanf_s instead. To disable deprecation, use _CRT_SECURE_NO_WARNINGS. See online help for details.
                 C:\Program Files (x86)\Microsoft Visual Studio 12.0\VC\include\stdio.h(230) : see declaration of 'fscanf'
     1>..\src\assess.c(234): warning C4996: 'sprintf': This function or variable may be unsafe. Consider using sprintf_s instead. To disable deprecation, use _CRT_SECURE_NO_WARNINGS. See online help for details.
                 C:\Program Files (x86)\Microsoft Visual Studio 12.0\VC\include\stdio.h(356) : see declaration of 'sprintf'
     1>..\src\assess.c(236): warning C4996: 'sprintf': This function or variable may be unsafe. Consider using sprintf_s instead. To disable deprecation, use _CRT_SECURE_NO_WARNINGS. See online help for details.
                 C:\Program Files (x86)\Microsoft Visual Studio 12.0\VC\include\stdio.h(356) : see declaration of 'sprintf'
     1>..\src\assess.c(238): warning C4996: 'sprintf': This function or variable may be unsafe. Consider using sprintf_s instead. To disable deprecation, use _CRT_SECURE_NO_WARNINGS. See online help for details.
                 C:\Program Files (x86)\Microsoft Visual Studio 12.0\VC\include\stdio.h(356) : see declaration of 'sprintf'
     1>..\src\assess.c(246): warning C4996: 'sprintf': This function or variable may be unsafe. Consider using sprintf_s instead. To disable deprecation, use _CRT_SECURE_NO_WARNINGS. See online help for details.
                 C:\Program Files (x86)\Microsoft Visual Studio 12.0\VC\include\stdio.h(356) : see declaration of 'sprintf'
     1>..\src\assess.c(298): warning C4996: 'fopen': This function or variable may be unsafe. Consider using fopen_s instead. To disable deprecation, use _CRT_SECURE_NO_WARNINGS. See online help for details.
                 C:\Program Files (x86)\Microsoft Visual Studio 12.0\VC\include\stdio.h(211) : see declaration of 'fopen'
     1>..\src\assess.c(320): warning C4996: 'fscanf': This function or variable may be unsafe. Consider using fscanf_s instead. To disable deprecation, use _CRT_SECURE_NO_WARNINGS. See online help for details.
                 C:\Program Files (x86)\Microsoft Visual Studio 12.0\VC\include\stdio.h(230) : see declaration of 'fscanf'
     1>..\src\assess.c(346): warning C4996: 'fscanf': This function or variable may be unsafe. Consider using fscanf_s instead. To disable deprecation, use _CRT_SECURE_NO_WARNINGS. See online help for details.
                 C:\Program Files (x86)\Microsoft Visual Studio 12.0\VC\include\stdio.h(230) : see declaration of 'fscanf'
         blockFrequency.c
         cephes.c
     1>d:\_research\projects\statistical_testing\batteries diehard nist testu01\nist sts\nist\src\../include/erf.h(12): warning C4273: 'erf' : inconsistent dll linkage
                 C:\Program Files (x86)\Microsoft Visual Studio 12.0\VC\include\math.h(486) : see previous definition of 'erf'
     1>d:\_research\projects\statistical_testing\batteries diehard nist testu01\nist sts\nist\src\../include/erf.h(13): warning C4273: 'erfc' : inconsistent dll linkage
                 C:\Program Files (x86)\Microsoft Visual Studio 12.0\VC\include\math.h(487) : see previous definition of 'erfc'
         cusum.c
         discreteFourierTransform.c
     1>d:\_research\projects\statistical_testing\batteries diehard nist testu01\nist sts\nist\src\../include/erf.h(12): warning C4273: 'erf' : inconsistent dll linkage
                 C:\Program Files (x86)\Microsoft Visual Studio 12.0\VC\include\math.h(486) : see previous definition of 'erf'
     1>d:\_research\projects\statistical_testing\batteries diehard nist testu01\nist sts\nist\src\../include/erf.h(13): warning C4273: 'erfc' : inconsistent dll linkage
                 C:\Program Files (x86)\Microsoft Visual Studio 12.0\VC\include\math.h(487) : see previous definition of 'erfc'
         frequency.c
     1>d:\_research\projects\statistical_testing\batteries diehard nist testu01\nist sts\nist\src\../include/erf.h(12): warning C4273: 'erf' : inconsistent dll linkage
                 C:\Program Files (x86)\Microsoft Visual Studio 12.0\VC\include\math.h(486) : see previous definition of 'erf'
     1>d:\_research\projects\statistical_testing\batteries diehard nist testu01\nist sts\nist\src\../include/erf.h(13): warning C4273: 'erfc' : inconsistent dll linkage
                 C:\Program Files (x86)\Microsoft Visual Studio 12.0\VC\include\math.h(487) : see previous definition of 'erfc'
         generators.c
         genutils.c
         linearComplexity.c
         longestRunOfOnes.c
         matrix.c
         nonOverlappingTemplateMatchings.c
     1>..\src\nonOverlappingTemplateMatchings.c(46): warning C4996: 'sprintf': This function or variable may be unsafe. Consider using sprintf_s instead. To disable deprecation, use _CRT_SECURE_NO_WARNINGS. See online help for details.
                 C:\Program Files (x86)\Microsoft Visual Studio 12.0\VC\include\stdio.h(356) : see declaration of 'sprintf'
     1>..\src\nonOverlappingTemplateMatchings.c(50): warning C4996: 'fopen': This function or variable may be unsafe. Consider using fopen_s instead. To disable deprecation, use _CRT_SECURE_NO_WARNINGS. See online help for details.
                 C:\Program Files (x86)\Microsoft Visual Studio 12.0\VC\include\stdio.h(211) : see declaration of 'fopen'
     1>..\src\nonOverlappingTemplateMatchings.c(113): warning C4996: 'fscanf': This function or variable may be unsafe. Consider using fscanf_s instead. To disable deprecation, use _CRT_SECURE_NO_WARNINGS. See online help for details.
                 C:\Program Files (x86)\Microsoft Visual Studio 12.0\VC\include\stdio.h(230) : see declaration of 'fscanf'
     1>..\src\nonOverlappingTemplateMatchings.c(304): warning C4996: 'sprintf': This function or variable may be unsafe. Consider using sprintf_s instead. To disable deprecation, use _CRT_SECURE_NO_WARNINGS. See online help for details.
                 C:\Program Files (x86)\Microsoft Visual Studio 12.0\VC\include\stdio.h(356) : see declaration of 'sprintf'
     1>..\src\nonOverlappingTemplateMatchings.c(309): warning C4996: 'fopen': This function or variable may be unsafe. Consider using fopen_s instead. To disable deprecation, use _CRT_SECURE_NO_WARNINGS. See online help for details.
                 C:\Program Files (x86)\Microsoft Visual Studio 12.0\VC\include\stdio.h(211) : see declaration of 'fopen'
     1>..\src\nonOverlappingTemplateMatchings.c(369): warning C4996: 'fscanf': This function or variable may be unsafe. Consider using fscanf_s instead. To disable deprecation, use _CRT_SECURE_NO_WARNINGS. See online help for details.
                 C:\Program Files (x86)\Microsoft Visual Studio 12.0\VC\include\stdio.h(230) : see declaration of 'fscanf'
     1>..\src\nonOverlappingTemplateMatchings.c(420): warning C4996: 'fopen': This function or variable may be unsafe. Consider using fopen_s instead. To disable deprecation, use _CRT_SECURE_NO_WARNINGS. See online help for details.
                 C:\Program Files (x86)\Microsoft Visual Studio 12.0\VC\include\stdio.h(211) : see declaration of 'fopen'
     1>..\src\nonOverlappingTemplateMatchings.c(428): warning C4996: 'fscanf': This function or variable may be unsafe. Consider using fscanf_s instead. To disable deprecation, use _CRT_SECURE_NO_WARNINGS. See online help for details.
                 C:\Program Files (x86)\Microsoft Visual Studio 12.0\VC\include\stdio.h(230) : see declaration of 'fscanf'
     1>..\src\nonOverlappingTemplateMatchings.c(570): warning C4996: 'sprintf': This function or variable may be unsafe. Consider using sprintf_s instead. To disable deprecation, use _CRT_SECURE_NO_WARNINGS. See online help for details.
                 C:\Program Files (x86)\Microsoft Visual Studio 12.0\VC\include\stdio.h(356) : see declaration of 'sprintf'
     1>..\src\nonOverlappingTemplateMatchings.c(571): warning C4996: 'fopen': This function or variable may be unsafe. Consider using fopen_s instead. To disable deprecation, use _CRT_SECURE_NO_WARNINGS. See online help for details.
                 C:\Program Files (x86)\Microsoft Visual Studio 12.0\VC\include\stdio.h(211) : see declaration of 'fopen'
     1>..\src\nonOverlappingTemplateMatchings.c(575): warning C4996: 'fopen': This function or variable may be unsafe. Consider using fopen_s instead. To disable deprecation, use _CRT_SECURE_NO_WARNINGS. See online help for details.
                 C:\Program Files (x86)\Microsoft Visual Studio 12.0\VC\include\stdio.h(211) : see declaration of 'fopen'
     1>..\src\nonOverlappingTemplateMatchings.c(637): warning C4996: 'fscanf': This function or variable may be unsafe. Consider using fscanf_s instead. To disable deprecation, use _CRT_SECURE_NO_WARNINGS. See online help for details.
                 C:\Program Files (x86)\Microsoft Visual Studio 12.0\VC\include\stdio.h(230) : see declaration of 'fscanf'
     1>..\src\nonOverlappingTemplateMatchings.c(693): warning C4996: 'fopen': This function or variable may be unsafe. Consider using fopen_s instead. To disable deprecation, use _CRT_SECURE_NO_WARNINGS. See online help for details.
                 C:\Program Files (x86)\Microsoft Visual Studio 12.0\VC\include\stdio.h(211) : see declaration of 'fopen'
     1>..\src\nonOverlappingTemplateMatchings.c(701): warning C4996: 'fscanf': This function or variable may be unsafe. Consider using fscanf_s instead. To disable deprecation, use _CRT_SECURE_NO_WARNINGS. See online help for details.
                 C:\Program Files (x86)\Microsoft Visual Studio 12.0\VC\include\stdio.h(230) : see declaration of 'fscanf'
     1>..\src\nonOverlappingTemplateMatchings.c(509): warning C4101: 'bit_ind' : unreferenced local variable
     1>..\src\nonOverlappingTemplateMatchings.c(508): warning C4101: 'window' : unreferenced local variable
         overlappingTemplateMatchings.c
     1>..\src\overlappingTemplateMatchings.c(350): warning C4101: 'bit_ind' : unreferenced local variable
         randomExcursions.c
         randomExcursionsVariant.c
     1>d:\_research\projects\statistical_testing\batteries diehard nist testu01\nist sts\nist\src\../include/erf.h(12): warning C4273: 'erf' : inconsistent dll linkage
                 C:\Program Files (x86)\Microsoft Visual Studio 12.0\VC\include\math.h(486) : see previous definition of 'erf'
     1>d:\_research\projects\statistical_testing\batteries diehard nist testu01\nist sts\nist\src\../include/erf.h(13): warning C4273: 'erfc' : inconsistent dll linkage
                 C:\Program Files (x86)\Microsoft Visual Studio 12.0\VC\include\math.h(487) : see previous definition of 'erfc'
         rank.c
         runs.c
     1>d:\_research\projects\statistical_testing\batteries diehard nist testu01\nist sts\nist\src\../include/erf.h(12): warning C4273: 'erf' : inconsistent dll linkage
                 C:\Program Files (x86)\Microsoft Visual Studio 12.0\VC\include\math.h(486) : see previous definition of 'erf'
     1>d:\_research\projects\statistical_testing\batteries diehard nist testu01\nist sts\nist\src\../include/erf.h(13): warning C4273: 'erfc' : inconsistent dll linkage
                 C:\Program Files (x86)\Microsoft Visual Studio 12.0\VC\include\math.h(487) : see previous definition of 'erfc'
     1>..\src\runs.c(419): warning C4133: '=' : incompatible types - from 'unsigned char *' to 'unsigned __int64 *'
     1>..\src\runs.c(373): warning C4101: 'val2' : unreferenced local variable
     1>..\src\runs.c(359): warning C4101: 'k' : unreferenced local variable
     1>..\src\runs.c(373): warning C4101: 'val1' : unreferenced local variable
     1>..\src\runs.c(359): warning C4101: 'diff' : unreferenced local variable
         serial.c
         tools.c
     1>..\src\tools.c(166): warning C4101: 'val1' : unreferenced local variable
     1>..\src\tools.c(196): warning C4101: 'k' : unreferenced local variable
     1>..\src\tools.c(246): warning C4133: '=' : incompatible types - from 'unsigned char *' to 'unsigned int *'
     1>..\src\tools.c(247): warning C4133: '=' : incompatible types - from 'unsigned char *' to 'unsigned int *'
     1>..\src\tools.c(248): warning C4133: '=' : incompatible types - from 'unsigned char *' to 'unsigned int *'
     1>..\src\tools.c(249): warning C4133: '=' : incompatible types - from 'unsigned char *' to 'unsigned int *'
         Compiling...
         universal.c
     1>d:\_research\projects\statistical_testing\batteries diehard nist testu01\nist sts\nist\src\../include/erf.h(12): warning C4273: 'erf' : inconsistent dll linkage
                 C:\Program Files (x86)\Microsoft Visual Studio 12.0\VC\include\math.h(486) : see previous definition of 'erf'
     1>d:\_research\projects\statistical_testing\batteries diehard nist testu01\nist sts\nist\src\../include/erf.h(13): warning C4273: 'erfc' : inconsistent dll linkage
                 C:\Program Files (x86)\Microsoft Visual Studio 12.0\VC\include\math.h(487) : see previous definition of 'erfc'
         utilities.c
     1>..\src\utilities.c(27): warning C4996: 'scanf': This function or variable may be unsafe. Consider using scanf_s instead. To disable deprecation, use _CRT_SECURE_NO_WARNINGS. See online help for details.
                 C:\Program Files (x86)\Microsoft Visual Studio 12.0\VC\include\stdio.h(283) : see declaration of 'scanf'
     1>..\src\utilities.c(46): warning C4996: 'scanf': This function or variable may be unsafe. Consider using scanf_s instead. To disable deprecation, use _CRT_SECURE_NO_WARNINGS. See online help for details.
                 C:\Program Files (x86)\Microsoft Visual Studio 12.0\VC\include\stdio.h(283) : see declaration of 'scanf'
     1>..\src\utilities.c(49): warning C4996: 'sprintf': This function or variable may be unsafe. Consider using sprintf_s instead. To disable deprecation, use _CRT_SECURE_NO_WARNINGS. See online help for details.
                 C:\Program Files (x86)\Microsoft Visual Studio 12.0\VC\include\stdio.h(356) : see declaration of 'sprintf'
     1>..\src\utilities.c(51): warning C4996: 'fopen': This function or variable may be unsafe. Consider using fopen_s instead. To disable deprecation, use _CRT_SECURE_NO_WARNINGS. See online help for details.
                 C:\Program Files (x86)\Microsoft Visual Studio 12.0\VC\include\stdio.h(211) : see declaration of 'fopen'
     1>..\src\utilities.c(119): warning C4996: 'scanf': This function or variable may be unsafe. Consider using scanf_s instead. To disable deprecation, use _CRT_SECURE_NO_WARNINGS. See online help for details.
                 C:\Program Files (x86)\Microsoft Visual Studio 12.0\VC\include\stdio.h(283) : see declaration of 'scanf'
     1>..\src\utilities.c(132): warning C4996: 'scanf': This function or variable may be unsafe. Consider using scanf_s instead. To disable deprecation, use _CRT_SECURE_NO_WARNINGS. See online help for details.
                 C:\Program Files (x86)\Microsoft Visual Studio 12.0\VC\include\stdio.h(283) : see declaration of 'scanf'
     1>..\src\utilities.c(167): warning C4996: 'scanf': This function or variable may be unsafe. Consider using scanf_s instead. To disable deprecation, use _CRT_SECURE_NO_WARNINGS. See online help for details.
                 C:\Program Files (x86)\Microsoft Visual Studio 12.0\VC\include\stdio.h(283) : see declaration of 'scanf'
     1>..\src\utilities.c(175): warning C4996: 'scanf': This function or variable may be unsafe. Consider using scanf_s instead. To disable deprecation, use _CRT_SECURE_NO_WARNINGS. See online help for details.
                 C:\Program Files (x86)\Microsoft Visual Studio 12.0\VC\include\stdio.h(283) : see declaration of 'scanf'
     1>..\src\utilities.c(184): warning C4996: 'scanf': This function or variable may be unsafe. Consider using scanf_s instead. To disable deprecation, use _CRT_SECURE_NO_WARNINGS. See online help for details.
                 C:\Program Files (x86)\Microsoft Visual Studio 12.0\VC\include\stdio.h(283) : see declaration of 'scanf'
     1>..\src\utilities.c(193): warning C4996: 'scanf': This function or variable may be unsafe. Consider using scanf_s instead. To disable deprecation, use _CRT_SECURE_NO_WARNINGS. See online help for details.
                 C:\Program Files (x86)\Microsoft Visual Studio 12.0\VC\include\stdio.h(283) : see declaration of 'scanf'
     1>..\src\utilities.c(202): warning C4996: 'scanf': This function or variable may be unsafe. Consider using scanf_s instead. To disable deprecation, use _CRT_SECURE_NO_WARNINGS. See online help for details.
                 C:\Program Files (x86)\Microsoft Visual Studio 12.0\VC\include\stdio.h(283) : see declaration of 'scanf'
     1>..\src\utilities.c(211): warning C4996: 'scanf': This function or variable may be unsafe. Consider using scanf_s instead. To disable deprecation, use _CRT_SECURE_NO_WARNINGS. See online help for details.
                 C:\Program Files (x86)\Microsoft Visual Studio 12.0\VC\include\stdio.h(283) : see declaration of 'scanf'
     1>..\src\utilities.c(220): warning C4996: 'scanf': This function or variable may be unsafe. Consider using scanf_s instead. To disable deprecation, use _CRT_SECURE_NO_WARNINGS. See online help for details.
                 C:\Program Files (x86)\Microsoft Visual Studio 12.0\VC\include\stdio.h(283) : see declaration of 'scanf'
     1>..\src\utilities.c(239): warning C4996: 'scanf': This function or variable may be unsafe. Consider using scanf_s instead. To disable deprecation, use _CRT_SECURE_NO_WARNINGS. See online help for details.
                 C:\Program Files (x86)\Microsoft Visual Studio 12.0\VC\include\stdio.h(283) : see declaration of 'scanf'
     1>..\src\utilities.c(242): warning C4996: 'fopen': This function or variable may be unsafe. Consider using fopen_s instead. To disable deprecation, use _CRT_SECURE_NO_WARNINGS. See online help for details.
                 C:\Program Files (x86)\Microsoft Visual Studio 12.0\VC\include\stdio.h(211) : see declaration of 'fopen'
     1>..\src\utilities.c(250): warning C4996: 'fopen': This function or variable may be unsafe. Consider using fopen_s instead. To disable deprecation, use _CRT_SECURE_NO_WARNINGS. See online help for details.
                 C:\Program Files (x86)\Microsoft Visual Studio 12.0\VC\include\stdio.h(211) : see declaration of 'fopen'
     1>..\src\utilities.c(276): warning C4996: 'fscanf': This function or variable may be unsafe. Consider using fscanf_s instead. To disable deprecation, use _CRT_SECURE_NO_WARNINGS. See online help for details.
                 C:\Program Files (x86)\Microsoft Visual Studio 12.0\VC\include\stdio.h(230) : see declaration of 'fscanf'
     1>..\src\utilities.c(426): warning C4996: 'sprintf': This function or variable may be unsafe. Consider using sprintf_s instead. To disable deprecation, use _CRT_SECURE_NO_WARNINGS. See online help for details.
                 C:\Program Files (x86)\Microsoft Visual Studio 12.0\VC\include\stdio.h(356) : see declaration of 'sprintf'
     1>..\src\utilities.c(427): warning C4996: 'fopen': This function or variable may be unsafe. Consider using fopen_s instead. To disable deprecation, use _CRT_SECURE_NO_WARNINGS. See online help for details.
                 C:\Program Files (x86)\Microsoft Visual Studio 12.0\VC\include\stdio.h(211) : see declaration of 'fopen'
     1>..\src\utilities.c(431): warning C4996: 'sprintf': This function or variable may be unsafe. Consider using sprintf_s instead. To disable deprecation, use _CRT_SECURE_NO_WARNINGS. See online help for details.
                 C:\Program Files (x86)\Microsoft Visual Studio 12.0\VC\include\stdio.h(356) : see declaration of 'sprintf'
     1>..\src\utilities.c(432): warning C4996: 'fopen': This function or variable may be unsafe. Consider using fopen_s instead. To disable deprecation, use _CRT_SECURE_NO_WARNINGS. See online help for details.
                 C:\Program Files (x86)\Microsoft Visual Studio 12.0\VC\include\stdio.h(211) : see declaration of 'fopen'
     1>..\src\utilities.c(439): warning C4996: 'sprintf': This function or variable may be unsafe. Consider using sprintf_s instead. To disable deprecation, use _CRT_SECURE_NO_WARNINGS. See online help for details.
                 C:\Program Files (x86)\Microsoft Visual Studio 12.0\VC\include\stdio.h(356) : see declaration of 'sprintf'
     1>..\src\utilities.c(440): warning C4996: 'sprintf': This function or variable may be unsafe. Consider using sprintf_s instead. To disable deprecation, use _CRT_SECURE_NO_WARNINGS. See online help for details.
                 C:\Program Files (x86)\Microsoft Visual Studio 12.0\VC\include\stdio.h(356) : see declaration of 'sprintf'
     1>..\src\utilities.c(441): warning C4996: 'fopen': This function or variable may be unsafe. Consider using fopen_s instead. To disable deprecation, use _CRT_SECURE_NO_WARNINGS. See online help for details.
                 C:\Program Files (x86)\Microsoft Visual Studio 12.0\VC\include\stdio.h(211) : see declaration of 'fopen'
     1>..\src\utilities.c(449): warning C4996: 'fopen': This function or variable may be unsafe. Consider using fopen_s instead. To disable deprecation, use _CRT_SECURE_NO_WARNINGS. See online help for details.
                 C:\Program Files (x86)\Microsoft Visual Studio 12.0\VC\include\stdio.h(211) : see declaration of 'fopen'
     1>..\src\utilities.c(460): warning C4996: 'scanf': This function or variable may be unsafe. Consider using scanf_s instead. To disable deprecation, use _CRT_SECURE_NO_WARNINGS. See online help for details.
                 C:\Program Files (x86)\Microsoft Visual Studio 12.0\VC\include\stdio.h(283) : see declaration of 'scanf'
       Link:
         C:\Program Files (x86)\Microsoft Visual Studio 12.0\VC\bin\link.exe /ERRORREPORT:PROMPT /OUT:"D:\_Research\Projects\Statistical_testing\Batteries DIEHARD NIST TESTU01\NIST STS\NIST\Release\NIST.exe" /INCREMENTAL:NO /NOLOGO kernel32.lib user32.lib gdi32.lib winspool.lib comdlg32.lib advapi32.lib shell32.lib ole32.lib oleaut32.lib uuid.lib odbc32.lib odbccp32.lib /MANIFEST /MANIFESTUAC:"level='asInvoker' uiAccess='false'" /manifest:embed /DEBUG /PDB:"D:\_Research\Projects\Statistical_testing\Batteries DIEHARD NIST TESTU01\NIST STS\NIST\Release\NIST.pdb" /SUBSYSTEM:CONSOLE /OPT:REF /OPT:ICF /LTCG /TLBID:1 /DYNAMICBASE /NXCOMPAT /IMPLIB:"D:\_Research\Projects\Statistical_testing\Batteries DIEHARD NIST TESTU01\NIST STS\NIST\Release\NIST.lib" /MACHINE:X86 /SAFESEH Release\approximateEntropy.obj
         Release\assess.obj
         Release\blockFrequency.obj
         Release\BM.obj
         Release\BMA.obj
         Release\cephes.obj
         Release\cusum.obj
         Release\dfft.obj
         Release\discreteFourierTransform.obj
         Release\erf.obj
         Release\frequency.obj
         Release\generators.obj
         Release\genutils.obj
         Release\linearComplexity.obj
         Release\longestRunOfOnes.obj
         Release\LUTs.obj
         Release\matrix.obj
         Release\nonOverlappingTemplateMatchings.obj
         Release\overlappingTemplateMatchings.obj
         Release\randomExcursions.obj
         Release\randomExcursionsVariant.obj
         Release\rank.obj
         Release\runs.obj
         Release\serial.obj
         Release\tools.obj
         Release\universal.obj
         Release\utilities.obj
         "..\src\fft64\libfftw3-3.lib"
            Creating library D:\_Research\Projects\Statistical_testing\Batteries DIEHARD NIST TESTU01\NIST STS\NIST\Release\NIST.lib and object D:\_Research\Projects\Statistical_testing\Batteries DIEHARD NIST TESTU01\NIST STS\NIST\Release\NIST.exp
     1>discreteFourierTransform.obj : error LNK2001: unresolved external symbol __imp__fftw_destroy_plan
     1>discreteFourierTransform.obj : error LNK2001: unresolved external symbol __imp__fftw_plan_dft_r2c_1d
     1>discreteFourierTransform.obj : error LNK2001: unresolved external symbol __imp__fftw_execute
     1>discreteFourierTransform.obj : error LNK2001: unresolved external symbol __imp__fftw_malloc
     1>discreteFourierTransform.obj : error LNK2001: unresolved external symbol __imp__fftw_plan_dft_1d
     1>discreteFourierTransform.obj : error LNK2001: unresolved external symbol __imp__fftw_free
     1>D:\_Research\Projects\Statistical_testing\Batteries DIEHARD NIST TESTU01\NIST STS\NIST\Release\NIST.exe : fatal error LNK1120: 6 unresolved externals
     1>Done Building Project "D:\_Research\Projects\Statistical_testing\Batteries DIEHARD NIST TESTU01\NIST STS\NIST\NIST\NIST.vcxproj" (Build target(s)) -- FAILED.

Build FAILED.

Time Elapsed 00:00:01.21
